2025-03-09 16:46:41,563 - gerador_wp.utils.wordpress - INFO - Post criado com sucesso: Marketing Digital para Clínicas Médicas: Estratégias Eficazes
2025-03-09 16:48:36,933 - gerador_wp.utils.wordpress - INFO - Post criado com sucesso: Marketing Digital para Clínicas Médicas: Estratégias Eficazes
2025-03-09 16:58:30,723 - gerador_wp.utils.wordpress - ERROR - Erro ao fazer upload da imagem: .cache/marketing-digital-para-clínicas-médicas:-guia-c...-marketing-digit-2025.webp - Erro: No connection adapters were found for '.cache/marketing-digital-para-clínicas-médicas:-guia-c...-marketing-digit-2025.webp'
2025-03-09 16:58:30,723 - gerador_wp.utils.wordpress - ERROR - Erro ao fazer upload da imagem: .cache/marketing-digital-para-clínicas-médicas:-guia-c...-marketing-digit-2025.webp - Erro: No connection adapters were found for '.cache/marketing-digital-para-clínicas-médicas:-guia-c...-marketing-digit-2025.webp'
Traceback (most recent call last):
  File "/mnt/dados/Cloud/Dev/Scripts/GeradorWP/gerador_wp/utils/wordpress.py", line 206, in _upload_image
    response = requests.get(image_url)
  File "/mnt/dados/Cloud/Dev/Scripts/GeradorWP/venv/lib/python3.10/site-packages/requests/api.py", line 73, in get
    return request("get", url, params=params, **kwargs)
  File "/mnt/dados/Cloud/Dev/Scripts/GeradorWP/venv/lib/python3.10/site-packages/requests/api.py", line 59, in request
    return session.request(method=method, url=url, **kwargs)
  File "/mnt/dados/Cloud/Dev/Scripts/GeradorWP/venv/lib/python3.10/site-packages/requests/sessions.py", line 589, in request
    resp = self.send(prep, **send_kwargs)
  File "/mnt/dados/Cloud/Dev/Scripts/GeradorWP/venv/lib/python3.10/site-packages/requests/sessions.py", line 697, in send
    adapter = self.get_adapter(url=request.url)
  File "/mnt/dados/Cloud/Dev/Scripts/GeradorWP/venv/lib/python3.10/site-packages/requests/sessions.py", line 792, in get_adapter
    raise InvalidSchema(f"No connection adapters were found for {url!r}")
requests.exceptions.InvalidSchema: No connection adapters were found for '.cache/marketing-digital-para-clínicas-médicas:-guia-c...-marketing-digit-2025.webp'
2025-03-09 17:01:17,310 - gerador_wp.utils.wordpress - ERROR - Erro ao buscar categoria: Marketing Digital - Erro: module 'collections' has no attribute 'Iterable'
2025-03-09 17:01:17,311 - gerador_wp.utils.wordpress - ERROR - Erro ao buscar categoria: Marketing Digital - Erro: module 'collections' has no attribute 'Iterable'
Traceback (most recent call last):
  File "/mnt/dados/Cloud/Dev/Scripts/GeradorWP/gerador_wp/utils/wordpress.py", line 54, in get_category_id
    categories = self.client.call(taxonomies.GetTerms('category'))
  File "/mnt/dados/Cloud/Dev/Scripts/GeradorWP/venv/lib/python3.10/site-packages/wordpress_xmlrpc/base.py", line 46, in call
    return method.process_result(raw_result)
  File "/mnt/dados/Cloud/Dev/Scripts/GeradorWP/venv/lib/python3.10/site-packages/wordpress_xmlrpc/base.py", line 128, in process_result
    elif isinstance(raw_result, collections.Iterable):
AttributeError: module 'collections' has no attribute 'Iterable'
2025-03-09 17:16:05,084 - gerador_wp.utils.wordpress - ERROR - Erro ao buscar categoria: Marketing Digital - Erro: Categoria não encontrada: Marketing Digital
2025-03-09 17:16:05,098 - gerador_wp.utils.wordpress - ERROR - Erro ao buscar categoria: Marketing Digital - Erro: Categoria não encontrada: Marketing Digital
Traceback (most recent call last):
  File "/mnt/dados/Cloud/Dev/Scripts/GeradorWP/gerador_wp/utils/wordpress.py", line 64, in get_category_id
    raise WordPressError(f"Categoria não encontrada: {category_name}")
gerador_wp.utils.exceptions.WordPressError: Categoria não encontrada: Marketing Digital
2025-03-09 17:16:05,123 - gerador_wp.utils.wordpress - ERROR - Erro ao criar post: Marketing Digital para Clínicas Médicas: Guia Completo - Erro: Categoria não encontrada: Marketing Digital
2025-03-09 17:16:05,128 - gerador_wp.utils.wordpress - ERROR - Erro ao criar post: Marketing Digital para Clínicas Médicas: Guia Completo - Erro: Categoria não encontrada: Marketing Digital
Traceback (most recent call last):
  File "/mnt/dados/Cloud/Dev/Scripts/GeradorWP/gerador_wp/utils/wordpress.py", line 111, in create_post
    category_id = self.get_category_id(category)
  File "/mnt/dados/Cloud/Dev/Scripts/GeradorWP/gerador_wp/utils/wordpress.py", line 64, in get_category_id
    raise WordPressError(f"Categoria não encontrada: {category_name}")
gerador_wp.utils.exceptions.WordPressError: Categoria não encontrada: Marketing Digital
2025-03-09 17:16:47,996 - gerador_wp.utils.wordpress - INFO - Post criado com sucesso: Marketing Digital para Clínicas Médicas: Guia Completo
2025-03-09 17:18:35,606 - gerador_wp.utils.wordpress - INFO - Post criado com sucesso: Marketing Digital para Clínicas Médicas: Guia Completo
2025-03-09 17:19:11,881 - gerador_wp.utils.wordpress - INFO - Post criado com sucesso: Marketing Digital para Clínicas Médicas: Guia Completo
2025-03-09 17:23:35,801 - gerador_wp.utils.wordpress - INFO - Post criado com sucesso: Marketing Digital para Clínicas Médicas: Guia Completo
2025-03-09 17:24:12,988 - gerador_wp.utils.wordpress - INFO - Post criado com sucesso: Marketing Digital para Clínicas Médicas: Guia Completo
2025-03-09 17:34:17,720 - gerador_wp.utils.wordpress - INFO - Post criado com sucesso: Marketing Digital para Clínicas Médicas: Guia Completo
2025-03-09 18:33:50,337 - src.utils.wordpress - INFO - Post criado com sucesso: Marketing Digital para Clínicas Médicas: Guia Completo
